{"numFailedTestSuites":0,"numFailedTests":0,"numPassedTestSuites":2,"numPassedTests":8,"numPendingTestSuites":0,"numPendingTests":0,"numRuntimeErrorTestSuites":0,"numTodoTests":0,"numTotalTestSuites":2,"numTotalTests":8,"openHandles":[],"snapshot":{"added":0,"didUpdate":false,"failure":false,"filesAdded":0,"filesRemoved":0,"filesRemovedList":[],"filesUnmatched":0,"filesUpdated":0,"matched":0,"total":0,"unchecked":0,"uncheckedKeysByFile":[],"unmatched":0,"updated":0},"startTime":1657647243551,"success":true,"testResults":[{"assertionResults":[{"ancestorTitles":[],"duration":19,"failureMessages":[],"fullName":"should render primary input","location":null,"status":"passed","title":"should render primary input"},{"ancestorTitles":[],"duration":4,"failureMessages":[],"fullName":"should render secondary input","location":null,"status":"passed","title":"should render secondary input"},{"ancestorTitles":[],"duration":4,"failureMessages":[],"fullName":"should render large input","location":null,"status":"passed","title":"should render large input"},{"ancestorTitles":[],"duration":2,"failureMessages":[],"fullName":"should render small input","location":null,"status":"passed","title":"should render small input"}],"endTime":1657647246031,"message":"","name":"C:\\Users\\johnr\\Code\\chubb-components-nextjs\\src\\test\\Input.test.tsx","startTime":1657647244622,"status":"passed","summary":""},{"assertionResults":[{"ancestorTitles":[],"duration":69,"failureMessages":[],"fullName":"should render primary button","location":null,"status":"passed","title":"should render primary button"},{"ancestorTitles":[],"duration":11,"failureMessages":[],"fullName":"should render secondary button","location":null,"status":"passed","title":"should render secondary button"},{"ancestorTitles":[],"duration":13,"failureMessages":[],"fullName":"should render large button","location":null,"status":"passed","title":"should render large button"},{"ancestorTitles":[],"duration":8,"failureMessages":[],"fullName":"should render small button","location":null,"status":"passed","title":"should render small button"}],"endTime":1657647246103,"message":"","name":"C:\\Users\\johnr\\Code\\chubb-components-nextjs\\src\\test\\Button.test.tsx","startTime":1657647244622,"status":"passed","summary":""}],"wasInterrupted":false}